2024-02-14T17:31:52.371+05:45  INFO 14980 --- [main] c.m.e.EmployeeDetailsJmsApplication      : Starting EmployeeDetailsJmsApplication using Java 17.0.9 with PID 14980 (C:\Users\Hp\IdeaProjects\employeeDetailsJMS\employeeDetailsJMS\target\classes started by Hp in C:\Users\Hp\IdeaProjects\employeeDetailsJMS\employeeDetailsJMS)
2024-02-14T17:31:52.381+05:45  INFO 14980 --- [main] c.m.e.EmployeeDetailsJmsApplication      : No active profile set, falling back to 1 default profile: "default"
2024-02-14T17:31:53.281+05:45  INFO 14980 --- [main] .s.d.r.c.RepositoryConfigurationDelegate : Bootstrapping Spring Data JPA repositories in DEFAULT mode.
2024-02-14T17:31:53.357+05:45  INFO 14980 --- [main] .s.d.r.c.RepositoryConfigurationDelegate : Finished Spring Data repository scanning in 61 ms. Found 1 JPA repository interface.
2024-02-14T17:31:54.114+05:45  INFO 14980 --- [main] o.s.b.w.embedded.tomcat.TomcatWebServer  : Tomcat initialized with port 8080 (http)
2024-02-14T17:31:54.128+05:45  INFO 14980 --- [main] o.apache.catalina.core.StandardService   : Starting service [Tomcat]
2024-02-14T17:31:54.129+05:45  INFO 14980 --- [main] o.apache.catalina.core.StandardEngine    : Starting Servlet engine: [Apache Tomcat/10.1.18]
2024-02-14T17:31:54.211+05:45  INFO 14980 --- [main] o.a.c.c.C.[Tomcat].[localhost].[/]       : Initializing Spring embedded WebApplicationContext
2024-02-14T17:31:54.212+05:45  INFO 14980 --- [main] w.s.c.ServletWebServerApplicationContext : Root WebApplicationContext: initialization completed in 1737 ms
2024-02-14T17:31:54.457+05:45  INFO 14980 --- [main] o.hibernate.jpa.internal.util.LogHelper  : HHH000204: Processing PersistenceUnitInfo [name: default]
2024-02-14T17:31:54.555+05:45  INFO 14980 --- [main] org.hibernate.Version                    : HHH000412: Hibernate ORM core version 6.4.1.Final
2024-02-14T17:31:54.608+05:45  INFO 14980 --- [main] o.h.c.internal.RegionFactoryInitiator    : HHH000026: Second-level cache disabled
2024-02-14T17:31:54.968+05:45  INFO 14980 --- [main] o.s.o.j.p.SpringPersistenceUnitInfo      : No LoadTimeWeaver setup: ignoring JPA class transformer
2024-02-14T17:31:55.021+05:45  INFO 14980 --- [main] com.zaxxer.hikari.HikariDataSource       : HikariPool-1 - Starting...
2024-02-14T17:31:55.483+05:45  INFO 14980 --- [main] com.zaxxer.hikari.pool.HikariPool        : HikariPool-1 - Added connection com.mysql.cj.jdbc.ConnectionImpl@7e0986c9
2024-02-14T17:31:55.486+05:45  INFO 14980 --- [main] com.zaxxer.hikari.HikariDataSource       : HikariPool-1 - Start completed.
2024-02-14T17:31:57.669+05:45  INFO 14980 --- [main] o.h.e.t.j.p.i.JtaPlatformInitiator       : HHH000489: No JTA platform available (set 'hibernate.transaction.jta.platform' to enable JTA platform integration)
2024-02-14T17:31:57.730+05:45  INFO 14980 --- [main] j.LocalContainerEntityManagerFactoryBean : Initialized JPA EntityManagerFactory for persistence unit 'default'
2024-02-14T17:31:58.109+05:45  WARN 14980 --- [main] JpaBaseConfiguration$JpaWebConfiguration : spring.jpa.open-in-view is enabled by default. Therefore, database queries may be performed during view rendering. Explicitly configure spring.jpa.open-in-view to disable this warning
2024-02-14T17:31:58.566+05:45  WARN 14980 --- [main] ConfigServletWebServerApplicationContext : Exception encountered during context initialization - cancelling refresh attempt: org.springframework.context.ApplicationContextException: Failed to start bean 'webServerStartStop'
2024-02-14T17:31:58.573+05:45  INFO 14980 --- [main] j.LocalContainerEntityManagerFactoryBean : Closing JPA EntityManagerFactory for persistence unit 'default'
2024-02-14T17:31:58.575+05:45  INFO 14980 --- [main] com.zaxxer.hikari.HikariDataSource       : HikariPool-1 - Shutdown initiated...
2024-02-14T17:31:58.586+05:45  INFO 14980 --- [main] com.zaxxer.hikari.HikariDataSource       : HikariPool-1 - Shutdown completed.
2024-02-14T17:31:58.610+05:45  INFO 14980 --- [main] .s.b.a.l.ConditionEvaluationReportLogger : 

Error starting ApplicationContext. To display the condition evaluation report re-run your application with 'debug' enabled.
2024-02-14T17:31:58.640+05:45 ERROR 14980 --- [main] o.s.b.d.LoggingFailureAnalysisReporter   : 

***************************
APPLICATION FAILED TO START
***************************

Description:

Web server failed to start. Port 8080 was already in use.

Action:

Identify and stop the process that's listening on port 8080 or configure this application to listen on another port.

2024-02-14T17:33:35.088+05:45  INFO 10732 --- [main] c.m.e.EmployeeDetailsJmsApplication      : Starting EmployeeDetailsJmsApplication using Java 17.0.9 with PID 10732 (C:\Users\Hp\IdeaProjects\employeeDetailsJMS\employeeDetailsJMS\target\classes started by Hp in C:\Users\Hp\IdeaProjects\employeeDetailsJMS\employeeDetailsJMS)
2024-02-14T17:33:35.091+05:45  INFO 10732 --- [main] c.m.e.EmployeeDetailsJmsApplication      : No active profile set, falling back to 1 default profile: "default"
2024-02-14T17:33:36.000+05:45  INFO 10732 --- [main] .s.d.r.c.RepositoryConfigurationDelegate : Bootstrapping Spring Data JPA repositories in DEFAULT mode.
2024-02-14T17:33:36.082+05:45  INFO 10732 --- [main] .s.d.r.c.RepositoryConfigurationDelegate : Finished Spring Data repository scanning in 68 ms. Found 1 JPA repository interface.
2024-02-14T17:33:36.880+05:45  INFO 10732 --- [main] o.s.b.w.embedded.tomcat.TomcatWebServer  : Tomcat initialized with port 8080 (http)
2024-02-14T17:33:36.897+05:45  INFO 10732 --- [main] o.apache.catalina.core.StandardService   : Starting service [Tomcat]
2024-02-14T17:33:36.898+05:45  INFO 10732 --- [main] o.apache.catalina.core.StandardEngine    : Starting Servlet engine: [Apache Tomcat/10.1.18]
2024-02-14T17:33:36.984+05:45  INFO 10732 --- [main] o.a.c.c.C.[Tomcat].[localhost].[/]       : Initializing Spring embedded WebApplicationContext
2024-02-14T17:33:36.985+05:45  INFO 10732 --- [main] w.s.c.ServletWebServerApplicationContext : Root WebApplicationContext: initialization completed in 1830 ms
2024-02-14T17:33:37.210+05:45  INFO 10732 --- [main] o.hibernate.jpa.internal.util.LogHelper  : HHH000204: Processing PersistenceUnitInfo [name: default]
2024-02-14T17:33:37.283+05:45  INFO 10732 --- [main] org.hibernate.Version                    : HHH000412: Hibernate ORM core version 6.4.1.Final
2024-02-14T17:33:37.331+05:45  INFO 10732 --- [main] o.h.c.internal.RegionFactoryInitiator    : HHH000026: Second-level cache disabled
2024-02-14T17:33:37.618+05:45  INFO 10732 --- [main] o.s.o.j.p.SpringPersistenceUnitInfo      : No LoadTimeWeaver setup: ignoring JPA class transformer
2024-02-14T17:33:37.647+05:45  INFO 10732 --- [main] com.zaxxer.hikari.HikariDataSource       : HikariPool-1 - Starting...
2024-02-14T17:33:38.060+05:45  INFO 10732 --- [main] com.zaxxer.hikari.pool.HikariPool        : HikariPool-1 - Added connection com.mysql.cj.jdbc.ConnectionImpl@7996d0d4
2024-02-14T17:33:38.062+05:45  INFO 10732 --- [main] com.zaxxer.hikari.HikariDataSource       : HikariPool-1 - Start completed.
2024-02-14T17:33:39.064+05:45  INFO 10732 --- [main] o.h.e.t.j.p.i.JtaPlatformInitiator       : HHH000489: No JTA platform available (set 'hibernate.transaction.jta.platform' to enable JTA platform integration)
2024-02-14T17:33:39.110+05:45  INFO 10732 --- [main] j.LocalContainerEntityManagerFactoryBean : Initialized JPA EntityManagerFactory for persistence unit 'default'
2024-02-14T17:33:39.495+05:45  WARN 10732 --- [main] JpaBaseConfiguration$JpaWebConfiguration : spring.jpa.open-in-view is enabled by default. Therefore, database queries may be performed during view rendering. Explicitly configure spring.jpa.open-in-view to disable this warning
2024-02-14T17:33:40.050+05:45  INFO 10732 --- [main] o.s.b.w.embedded.tomcat.TomcatWebServer  : Tomcat started on port 8080 (http) with context path ''
2024-02-14T17:33:40.335+05:45  INFO 10732 --- [main] c.m.e.EmployeeDetailsJmsApplication      : Started EmployeeDetailsJmsApplication in 5.79 seconds (process running for 6.29)
2024-02-14T17:34:55.322+05:45  INFO 10732 --- [http-nio-8080-exec-1] o.a.c.c.C.[Tomcat].[localhost].[/]       : Initializing Spring DispatcherServlet 'dispatcherServlet'
2024-02-14T17:34:55.322+05:45  INFO 10732 --- [http-nio-8080-exec-1] o.s.web.servlet.DispatcherServlet        : Initializing Servlet 'dispatcherServlet'
2024-02-14T17:34:55.324+05:45  INFO 10732 --- [http-nio-8080-exec-1] o.s.web.servlet.DispatcherServlet        : Completed initialization in 1 ms
2024-02-14T17:34:55.454+05:45  INFO 10732 --- [http-nio-8080-exec-1] c.m.e.controller.EmployeeController      : Sending Employee Object: Employee(id=3, name=karim, role=user)
2024-02-14T17:34:55.529+05:45  INFO 10732 --- [org.springframework.jms.JmsListenerEndpointContainer#2-1] c.m.e.listener.EmployeeListener          : Employee listener3: Employee(id=3, name=karim, role=user)
2024-02-14T17:35:13.944+05:45  INFO 10732 --- [http-nio-8080-exec-3] c.m.e.controller.EmployeeController      : Sending Employee Object: Employee(id=31, name=damn, role=user)
2024-02-14T17:35:13.947+05:45  INFO 10732 --- [org.springframework.jms.JmsListenerEndpointContainer#1-1] c.m.e.listener.EmployeeListener          : Employee listener4: Employee(id=31, name=damn, role=user)
2024-02-14T17:35:22.751+05:45  INFO 10732 --- [http-nio-8080-exec-4] c.m.e.controller.EmployeeController      : Sending Employee Object: Employee(id=131, name=damen, role=user)
2024-02-14T17:35:22.754+05:45  INFO 10732 --- [org.springframework.jms.JmsListenerEndpointContainer#2-1] c.m.e.listener.EmployeeListener          : Employee listener3: Employee(id=131, name=damen, role=user)
2024-02-14T17:35:41.595+05:45  INFO 10732 --- [http-nio-8080-exec-5] c.m.e.controller.EmployeeController      : Sending Employee Object: Employee(id=1, name=ram, role=admin)
2024-02-14T17:35:41.609+05:45  INFO 10732 --- [org.springframework.jms.JmsListenerEndpointContainer#0-1] c.m.e.listener.EmployeeListener          : Employee listener5: Employee(id=1, name=ram, role=admin)
2024-02-14T17:35:41.608+05:45  INFO 10732 --- [org.springframework.jms.JmsListenerEndpointContainer#4-1] c.m.e.listener.EmployeeListener          : Employee listener1: Employee(id=1, name=ram, role=admin)
2024-02-14T17:35:41.611+05:45  INFO 10732 --- [org.springframework.jms.JmsListenerEndpointContainer#3-1] c.m.e.listener.EmployeeListener          : Employee listener2: Employee(id=1, name=ram, role=admin)
2024-02-14T17:37:35.767+05:45  INFO 10732 --- [SpringApplicationShutdownHook] j.LocalContainerEntityManagerFactoryBean : Closing JPA EntityManagerFactory for persistence unit 'default'
2024-02-14T17:37:35.769+05:45  INFO 10732 --- [SpringApplicationShutdownHook] com.zaxxer.hikari.HikariDataSource       : HikariPool-1 - Shutdown initiated...
2024-02-14T17:37:35.777+05:45  INFO 10732 --- [SpringApplicationShutdownHook] com.zaxxer.hikari.HikariDataSource       : HikariPool-1 - Shutdown completed.
2024-02-14T17:37:41.311+05:45  INFO 8776 --- [main] c.m.e.EmployeeDetailsJmsApplication      : Starting EmployeeDetailsJmsApplication using Java 17.0.9 with PID 8776 (C:\Users\Hp\IdeaProjects\employeeDetailsJMS\employeeDetailsJMS\target\classes started by Hp in C:\Users\Hp\IdeaProjects\employeeDetailsJMS\employeeDetailsJMS)
2024-02-14T17:37:41.314+05:45  INFO 8776 --- [main] c.m.e.EmployeeDetailsJmsApplication      : No active profile set, falling back to 1 default profile: "default"
2024-02-14T17:37:42.102+05:45  INFO 8776 --- [main] .s.d.r.c.RepositoryConfigurationDelegate : Bootstrapping Spring Data JPA repositories in DEFAULT mode.
2024-02-14T17:37:42.180+05:45  INFO 8776 --- [main] .s.d.r.c.RepositoryConfigurationDelegate : Finished Spring Data repository scanning in 64 ms. Found 1 JPA repository interface.
2024-02-14T17:37:42.947+05:45  INFO 8776 --- [main] o.s.b.w.embedded.tomcat.TomcatWebServer  : Tomcat initialized with port 8080 (http)
2024-02-14T17:37:42.962+05:45  INFO 8776 --- [main] o.apache.catalina.core.StandardService   : Starting service [Tomcat]
2024-02-14T17:37:42.963+05:45  INFO 8776 --- [main] o.apache.catalina.core.StandardEngine    : Starting Servlet engine: [Apache Tomcat/10.1.18]
2024-02-14T17:37:43.034+05:45  INFO 8776 --- [main] o.a.c.c.C.[Tomcat].[localhost].[/]       : Initializing Spring embedded WebApplicationContext
2024-02-14T17:37:43.035+05:45  INFO 8776 --- [main] w.s.c.ServletWebServerApplicationContext : Root WebApplicationContext: initialization completed in 1666 ms
2024-02-14T17:37:43.252+05:45  INFO 8776 --- [main] o.hibernate.jpa.internal.util.LogHelper  : HHH000204: Processing PersistenceUnitInfo [name: default]
2024-02-14T17:37:43.329+05:45  INFO 8776 --- [main] org.hibernate.Version                    : HHH000412: Hibernate ORM core version 6.4.1.Final
2024-02-14T17:37:43.370+05:45  INFO 8776 --- [main] o.h.c.internal.RegionFactoryInitiator    : HHH000026: Second-level cache disabled
2024-02-14T17:37:43.663+05:45  INFO 8776 --- [main] o.s.o.j.p.SpringPersistenceUnitInfo      : No LoadTimeWeaver setup: ignoring JPA class transformer
2024-02-14T17:37:43.692+05:45  INFO 8776 --- [main] com.zaxxer.hikari.HikariDataSource       : HikariPool-1 - Starting...
2024-02-14T17:37:44.032+05:45  INFO 8776 --- [main] com.zaxxer.hikari.pool.HikariPool        : HikariPool-1 - Added connection com.mysql.cj.jdbc.ConnectionImpl@7996d0d4
2024-02-14T17:37:44.034+05:45  INFO 8776 --- [main] com.zaxxer.hikari.HikariDataSource       : HikariPool-1 - Start completed.
2024-02-14T17:37:44.989+05:45  INFO 8776 --- [main] o.h.e.t.j.p.i.JtaPlatformInitiator       : HHH000489: No JTA platform available (set 'hibernate.transaction.jta.platform' to enable JTA platform integration)
2024-02-14T17:37:45.040+05:45  INFO 8776 --- [main] j.LocalContainerEntityManagerFactoryBean : Initialized JPA EntityManagerFactory for persistence unit 'default'
2024-02-14T17:37:45.421+05:45  WARN 8776 --- [main] JpaBaseConfiguration$JpaWebConfiguration : spring.jpa.open-in-view is enabled by default. Therefore, database queries may be performed during view rendering. Explicitly configure spring.jpa.open-in-view to disable this warning
2024-02-14T17:37:45.848+05:45  INFO 8776 --- [main] o.s.b.w.embedded.tomcat.TomcatWebServer  : Tomcat started on port 8080 (http) with context path ''
2024-02-14T17:37:46.038+05:45  INFO 8776 --- [main] c.m.e.EmployeeDetailsJmsApplication      : Started EmployeeDetailsJmsApplication in 5.201 seconds (process running for 5.636)
2024-02-14T17:40:25.587+05:45  INFO 8776 --- [ActiveMQ Connection Executor: tcp://localhost/127.0.0.1:61616@62898] o.s.j.c.CachingConnectionFactory         : Encountered a JMSException - resetting the underlying JMS Connection

jakarta.jms.JMSException: java.io.EOFException
	at org.apache.activemq.util.JMSExceptionSupport.create(JMSExceptionSupport.java:67) ~[activemq-client-jakarta-5.18.3.jar:5.18.3]
	at org.apache.activemq.ActiveMQConnection.onAsyncException(ActiveMQConnection.java:2033) ~[activemq-client-jakarta-5.18.3.jar:5.18.3]
	at org.apache.activemq.ActiveMQConnection.onException(ActiveMQConnection.java:2052) ~[activemq-client-jakarta-5.18.3.jar:5.18.3]
	at org.apache.activemq.transport.TransportFilter.onException(TransportFilter.java:114) ~[activemq-client-jakarta-5.18.3.jar:5.18.3]
	at org.apache.activemq.transport.ResponseCorrelator.onException(ResponseCorrelator.java:126) ~[activemq-client-jakarta-5.18.3.jar:5.18.3]
	at org.apache.activemq.transport.TransportFilter.onException(TransportFilter.java:114) ~[activemq-client-jakarta-5.18.3.jar:5.18.3]
	at org.apache.activemq.transport.TransportFilter.onException(TransportFilter.java:114) ~[activemq-client-jakarta-5.18.3.jar:5.18.3]
	at org.apache.activemq.transport.WireFormatNegotiator.onException(WireFormatNegotiator.java:173) ~[activemq-client-jakarta-5.18.3.jar:5.18.3]
	at org.apache.activemq.transport.AbstractInactivityMonitor.onException(AbstractInactivityMonitor.java:346) ~[activemq-client-jakarta-5.18.3.jar:5.18.3]
	at org.apache.activemq.transport.TransportSupport.onException(TransportSupport.java:96) ~[activemq-client-jakarta-5.18.3.jar:5.18.3]
	at org.apache.activemq.transport.tcp.TcpTransport.run(TcpTransport.java:219) ~[activemq-client-jakarta-5.18.3.jar:5.18.3]
	at java.base/java.lang.Thread.run(Thread.java:842) ~[na:na]
Caused by: java.io.EOFException: null
	at java.base/java.io.DataInputStream.readInt(DataInputStream.java:398) ~[na:na]
	at org.apache.activemq.openwire.OpenWireFormat.unmarshal(OpenWireFormat.java:280) ~[activemq-client-jakarta-5.18.3.jar:5.18.3]
	at org.apache.activemq.transport.tcp.TcpTransport.readCommand(TcpTransport.java:240) ~[activemq-client-jakarta-5.18.3.jar:5.18.3]
	at org.apache.activemq.transport.tcp.TcpTransport.doRun(TcpTransport.java:232) ~[activemq-client-jakarta-5.18.3.jar:5.18.3]
	at org.apache.activemq.transport.tcp.TcpTransport.run(TcpTransport.java:215) ~[activemq-client-jakarta-5.18.3.jar:5.18.3]
	... 1 common frames omitted

2024-02-14T17:40:25.596+05:45  WARN 8776 --- [org.springframework.jms.JmsListenerEndpointContainer#2-1] o.s.j.l.DefaultMessageListenerContainer  : Setup of JMS message listener invoker failed for destination 'EmpQueue' - trying to recover. Cause: The Session is closed
2024-02-14T17:40:25.596+05:45  WARN 8776 --- [org.springframework.jms.JmsListenerEndpointContainer#0-1] o.s.j.l.DefaultMessageListenerContainer  : Setup of JMS message listener invoker failed for destination 'EmpTopic' - trying to recover. Cause: The Consumer is closed
2024-02-14T17:40:25.596+05:45  WARN 8776 --- [org.springframework.jms.JmsListenerEndpointContainer#4-1] o.s.j.l.DefaultMessageListenerContainer  : Setup of JMS message listener invoker failed for destination 'EmpTopic' - trying to recover. Cause: The Session is closed
2024-02-14T17:40:25.596+05:45  WARN 8776 --- [org.springframework.jms.JmsListenerEndpointContainer#1-1] o.s.j.l.DefaultMessageListenerContainer  : Setup of JMS message listener invoker failed for destination 'EmpTopic' - trying to recover. Cause: The Session is closed
2024-02-14T17:40:25.596+05:45  WARN 8776 --- [org.springframework.jms.JmsListenerEndpointContainer#3-1] o.s.j.l.DefaultMessageListenerContainer  : Setup of JMS message listener invoker failed for destination 'EmpQueue' - trying to recover. Cause: The Session is closed
2024-02-14T17:40:25.600+05:45  WARN 8776 --- [ActiveMQ Connection Executor: tcp://localhost/127.0.0.1:61616@62898] o.s.j.c.CachingConnectionFactory         : Could not close shared JMS Connection

jakarta.jms.JMSException: Disposed due to prior exception
	at org.apache.activemq.util.JMSExceptionSupport.create(JMSExceptionSupport.java:91) ~[activemq-client-jakarta-5.18.3.jar:5.18.3]
	at org.apache.activemq.ActiveMQConnection.syncSendPacket(ActiveMQConnection.java:1483) ~[activemq-client-jakarta-5.18.3.jar:5.18.3]
	at org.apache.activemq.ActiveMQConnection.close(ActiveMQConnection.java:729) ~[activemq-client-jakarta-5.18.3.jar:5.18.3]
	at org.springframework.jms.connection.SingleConnectionFactory.closeConnection(SingleConnectionFactory.java:557) ~[spring-jms-6.1.3.jar:6.1.3]
	at org.springframework.jms.connection.SingleConnectionFactory.resetConnection(SingleConnectionFactory.java:536) ~[spring-jms-6.1.3.jar:6.1.3]
	at org.springframework.jms.connection.CachingConnectionFactory.resetConnection(CachingConnectionFactory.java:234) ~[spring-jms-6.1.3.jar:6.1.3]
	at org.springframework.jms.connection.SingleConnectionFactory.onException(SingleConnectionFactory.java:341) ~[spring-jms-6.1.3.jar:6.1.3]
	at org.springframework.jms.connection.SingleConnectionFactory$AggregatedExceptionListener.onException(SingleConnectionFactory.java:778) ~[spring-jms-6.1.3.jar:6.1.3]
	at org.apache.activemq.ActiveMQConnection$5.run(ActiveMQConnection.java:2040) ~[activemq-client-jakarta-5.18.3.jar:5.18.3]
	at java.base/java.util.concurrent.ThreadPoolExecutor.runWorker(ThreadPoolExecutor.java:1136) ~[na:na]
	at java.base/java.util.concurrent.ThreadPoolExecutor$Worker.run(ThreadPoolExecutor.java:635) ~[na:na]
	at java.base/java.lang.Thread.run(Thread.java:842) ~[na:na]
Caused by: org.apache.activemq.transport.TransportDisposedIOException: Disposed due to prior exception
	at org.apache.activemq.transport.ResponseCorrelator.onException(ResponseCorrelator.java:125) ~[activemq-client-jakarta-5.18.3.jar:5.18.3]
	at org.apache.activemq.transport.TransportFilter.onException(TransportFilter.java:114) ~[activemq-client-jakarta-5.18.3.jar:5.18.3]
	at org.apache.activemq.transport.TransportFilter.onException(TransportFilter.java:114) ~[activemq-client-jakarta-5.18.3.jar:5.18.3]
	at org.apache.activemq.transport.WireFormatNegotiator.onException(WireFormatNegotiator.java:173) ~[activemq-client-jakarta-5.18.3.jar:5.18.3]
	at org.apache.activemq.transport.AbstractInactivityMonitor.onException(AbstractInactivityMonitor.java:346) ~[activemq-client-jakarta-5.18.3.jar:5.18.3]
	at org.apache.activemq.transport.TransportSupport.onException(TransportSupport.java:96) ~[activemq-client-jakarta-5.18.3.jar:5.18.3]
	at org.apache.activemq.transport.tcp.TcpTransport.run(TcpTransport.java:219) ~[activemq-client-jakarta-5.18.3.jar:5.18.3]
	... 1 common frames omitted
Caused by: java.io.EOFException: null
	at java.base/java.io.DataInputStream.readInt(DataInputStream.java:398) ~[na:na]
	at org.apache.activemq.openwire.OpenWireFormat.unmarshal(OpenWireFormat.java:280) ~[activemq-client-jakarta-5.18.3.jar:5.18.3]
	at org.apache.activemq.transport.tcp.TcpTransport.readCommand(TcpTransport.java:240) ~[activemq-client-jakarta-5.18.3.jar:5.18.3]
	at org.apache.activemq.transport.tcp.TcpTransport.doRun(TcpTransport.java:232) ~[activemq-client-jakarta-5.18.3.jar:5.18.3]
	at org.apache.activemq.transport.tcp.TcpTransport.run(TcpTransport.java:215) ~[activemq-client-jakarta-5.18.3.jar:5.18.3]
	... 1 common frames omitted

2024-02-14T17:40:25.621+05:45 ERROR 8776 --- [org.springframework.jms.JmsListenerEndpointContainer#0-1] o.s.j.l.DefaultMessageListenerContainer  : Could not refresh JMS Connection for destination 'EmpTopic' - retrying using FixedBackOff{interval=5000, currentAttempts=0, maxAttempts=unlimited}. Cause: Could not connect to broker URL: tcp://localhost:61616. Reason: java.net.ConnectException: Connection refused: no further information
2024-02-14T17:40:25.621+05:45 ERROR 8776 --- [org.springframework.jms.JmsListenerEndpointContainer#4-1] o.s.j.l.DefaultMessageListenerContainer  : Could not refresh JMS Connection for destination 'EmpTopic' - retrying using FixedBackOff{interval=5000, currentAttempts=0, maxAttempts=unlimited}. Cause: Could not connect to broker URL: tcp://localhost:61616. Reason: java.net.ConnectException: Connection refused: no further information
2024-02-14T17:40:25.621+05:45 ERROR 8776 --- [org.springframework.jms.JmsListenerEndpointContainer#3-1] o.s.j.l.DefaultMessageListenerContainer  : Could not refresh JMS Connection for destination 'EmpQueue' - retrying using FixedBackOff{interval=5000, currentAttempts=0, maxAttempts=unlimited}. Cause: Could not connect to broker URL: tcp://localhost:61616. Reason: java.net.ConnectException: Connection refused: no further information
2024-02-14T17:40:25.621+05:45 ERROR 8776 --- [org.springframework.jms.JmsListenerEndpointContainer#2-1] o.s.j.l.DefaultMessageListenerContainer  : Could not refresh JMS Connection for destination 'EmpQueue' - retrying using FixedBackOff{interval=5000, currentAttempts=0, maxAttempts=unlimited}. Cause: Could not connect to broker URL: tcp://localhost:61616. Reason: java.net.ConnectException: Connection refused: no further information
2024-02-14T17:40:25.622+05:45 ERROR 8776 --- [org.springframework.jms.JmsListenerEndpointContainer#1-1] o.s.j.l.DefaultMessageListenerContainer  : Could not refresh JMS Connection for destination 'EmpTopic' - retrying using FixedBackOff{interval=5000, currentAttempts=0, maxAttempts=unlimited}. Cause: Could not connect to broker URL: tcp://localhost:61616. Reason: java.net.ConnectException: Connection refused: no further information
2024-02-14T17:40:30.645+05:45 ERROR 8776 --- [org.springframework.jms.JmsListenerEndpointContainer#1-1] o.s.j.l.DefaultMessageListenerContainer  : Could not refresh JMS Connection for destination 'EmpTopic' - retrying using FixedBackOff{interval=5000, currentAttempts=1, maxAttempts=unlimited}. Cause: Could not connect to broker URL: tcp://localhost:61616. Reason: java.net.ConnectException: Connection refused: no further information
2024-02-14T17:40:30.650+05:45 ERROR 8776 --- [org.springframework.jms.JmsListenerEndpointContainer#4-1] o.s.j.l.DefaultMessageListenerContainer  : Could not refresh JMS Connection for destination 'EmpTopic' - retrying using FixedBackOff{interval=5000, currentAttempts=1, maxAttempts=unlimited}. Cause: Could not connect to broker URL: tcp://localhost:61616. Reason: java.net.ConnectException: Connection refused: no further information
2024-02-14T17:40:30.664+05:45 ERROR 8776 --- [org.springframework.jms.JmsListenerEndpointContainer#2-1] o.s.j.l.DefaultMessageListenerContainer  : Could not refresh JMS Connection for destination 'EmpQueue' - retrying using FixedBackOff{interval=5000, currentAttempts=1, maxAttempts=unlimited}. Cause: Could not connect to broker URL: tcp://localhost:61616. Reason: java.net.ConnectException: Connection refused: no further information
2024-02-14T17:40:30.677+05:45 ERROR 8776 --- [org.springframework.jms.JmsListenerEndpointContainer#0-1] o.s.j.l.DefaultMessageListenerContainer  : Could not refresh JMS Connection for destination 'EmpTopic' - retrying using FixedBackOff{interval=5000, currentAttempts=1, maxAttempts=unlimited}. Cause: Could not connect to broker URL: tcp://localhost:61616. Reason: java.net.ConnectException: Connection refused: no further information
2024-02-14T17:40:30.693+05:45 ERROR 8776 --- [org.springframework.jms.JmsListenerEndpointContainer#3-1] o.s.j.l.DefaultMessageListenerContainer  : Could not refresh JMS Connection for destination 'EmpQueue' - retrying using FixedBackOff{interval=5000, currentAttempts=1, maxAttempts=unlimited}. Cause: Could not connect to broker URL: tcp://localhost:61616. Reason: java.net.ConnectException: Connection refused: no further information
2024-02-14T17:40:35.662+05:45 ERROR 8776 --- [org.springframework.jms.JmsListenerEndpointContainer#1-1] o.s.j.l.DefaultMessageListenerContainer  : Could not refresh JMS Connection for destination 'EmpTopic' - retrying using FixedBackOff{interval=5000, currentAttempts=2, maxAttempts=unlimited}. Cause: Could not connect to broker URL: tcp://localhost:61616. Reason: java.net.ConnectException: Connection refused: no further information
2024-02-14T17:40:35.685+05:45 ERROR 8776 --- [org.springframework.jms.JmsListenerEndpointContainer#4-1] o.s.j.l.DefaultMessageListenerContainer  : Could not refresh JMS Connection for destination 'EmpTopic' - retrying using FixedBackOff{interval=5000, currentAttempts=2, maxAttempts=unlimited}. Cause: Could not connect to broker URL: tcp://localhost:61616. Reason: java.net.ConnectException: Connection refused: no further information
2024-02-14T17:40:35.698+05:45 ERROR 8776 --- [org.springframework.jms.JmsListenerEndpointContainer#0-1] o.s.j.l.DefaultMessageListenerContainer  : Could not refresh JMS Connection for destination 'EmpTopic' - retrying using FixedBackOff{interval=5000, currentAttempts=2, maxAttempts=unlimited}. Cause: Could not connect to broker URL: tcp://localhost:61616. Reason: java.net.ConnectException: Connection refused: no further information
2024-02-14T17:40:35.709+05:45 ERROR 8776 --- [org.springframework.jms.JmsListenerEndpointContainer#2-1] o.s.j.l.DefaultMessageListenerContainer  : Could not refresh JMS Connection for destination 'EmpQueue' - retrying using FixedBackOff{interval=5000, currentAttempts=2, maxAttempts=unlimited}. Cause: Could not connect to broker URL: tcp://localhost:61616. Reason: java.net.ConnectException: Connection refused: no further information
2024-02-14T17:40:35.729+05:45 ERROR 8776 --- [org.springframework.jms.JmsListenerEndpointContainer#3-1] o.s.j.l.DefaultMessageListenerContainer  : Could not refresh JMS Connection for destination 'EmpQueue' - retrying using FixedBackOff{interval=5000, currentAttempts=2, maxAttempts=unlimited}. Cause: Could not connect to broker URL: tcp://localhost:61616. Reason: java.net.ConnectException: Connection refused: no further information
2024-02-14T17:40:40.679+05:45 ERROR 8776 --- [org.springframework.jms.JmsListenerEndpointContainer#1-1] o.s.j.l.DefaultMessageListenerContainer  : Could not refresh JMS Connection for destination 'EmpTopic' - retrying using FixedBackOff{interval=5000, currentAttempts=3, maxAttempts=unlimited}. Cause: Could not connect to broker URL: tcp://localhost:61616. Reason: java.net.ConnectException: Connection refused: no further information
2024-02-14T17:40:40.690+05:45 ERROR 8776 --- [org.springframework.jms.JmsListenerEndpointContainer#4-1] o.s.j.l.DefaultMessageListenerContainer  : Could not refresh JMS Connection for destination 'EmpTopic' - retrying using FixedBackOff{interval=5000, currentAttempts=3, maxAttempts=unlimited}. Cause: Could not connect to broker URL: tcp://localhost:61616. Reason: java.net.ConnectException: Connection refused: no further information
2024-02-14T17:40:40.725+05:45 ERROR 8776 --- [org.springframework.jms.JmsListenerEndpointContainer#2-1] o.s.j.l.DefaultMessageListenerContainer  : Could not refresh JMS Connection for destination 'EmpQueue' - retrying using FixedBackOff{interval=5000, currentAttempts=3, maxAttempts=unlimited}. Cause: Could not connect to broker URL: tcp://localhost:61616. Reason: java.net.ConnectException: Connection refused: no further information
2024-02-14T17:40:40.730+05:45 ERROR 8776 --- [org.springframework.jms.JmsListenerEndpointContainer#0-1] o.s.j.l.DefaultMessageListenerContainer  : Could not refresh JMS Connection for destination 'EmpTopic' - retrying using FixedBackOff{interval=5000, currentAttempts=3, maxAttempts=unlimited}. Cause: Could not connect to broker URL: tcp://localhost:61616. Reason: java.net.ConnectException: Connection refused: no further information
2024-02-14T17:40:40.759+05:45 ERROR 8776 --- [org.springframework.jms.JmsListenerEndpointContainer#3-1] o.s.j.l.DefaultMessageListenerContainer  : Could not refresh JMS Connection for destination 'EmpQueue' - retrying using FixedBackOff{interval=5000, currentAttempts=3, maxAttempts=unlimited}. Cause: Could not connect to broker URL: tcp://localhost:61616. Reason: java.net.ConnectException: Connection refused: no further information
2024-02-14T17:40:45.695+05:45 ERROR 8776 --- [org.springframework.jms.JmsListenerEndpointContainer#1-1] o.s.j.l.DefaultMessageListenerContainer  : Could not refresh JMS Connection for destination 'EmpTopic' - retrying using FixedBackOff{interval=5000, currentAttempts=4, maxAttempts=unlimited}. Cause: Could not connect to broker URL: tcp://localhost:61616. Reason: java.net.ConnectException: Connection refused: no further information
2024-02-14T17:40:45.700+05:45 ERROR 8776 --- [org.springframework.jms.JmsListenerEndpointContainer#4-1] o.s.j.l.DefaultMessageListenerContainer  : Could not refresh JMS Connection for destination 'EmpTopic' - retrying using FixedBackOff{interval=5000, currentAttempts=4, maxAttempts=unlimited}. Cause: Could not connect to broker URL: tcp://localhost:61616. Reason: java.net.ConnectException: Connection refused: no further information
2024-02-14T17:40:45.753+05:45 ERROR 8776 --- [org.springframework.jms.JmsListenerEndpointContainer#2-1] o.s.j.l.DefaultMessageListenerContainer  : Could not refresh JMS Connection for destination 'EmpQueue' - retrying using FixedBackOff{interval=5000, currentAttempts=4, maxAttempts=unlimited}. Cause: Could not connect to broker URL: tcp://localhost:61616. Reason: java.net.ConnectException: Connection refused: no further information
2024-02-14T17:40:45.758+05:45 ERROR 8776 --- [org.springframework.jms.JmsListenerEndpointContainer#0-1] o.s.j.l.DefaultMessageListenerContainer  : Could not refresh JMS Connection for destination 'EmpTopic' - retrying using FixedBackOff{interval=5000, currentAttempts=4, maxAttempts=unlimited}. Cause: Could not connect to broker URL: tcp://localhost:61616. Reason: java.net.ConnectException: Connection refused: no further information
2024-02-14T17:40:45.786+05:45 ERROR 8776 --- [org.springframework.jms.JmsListenerEndpointContainer#3-1] o.s.j.l.DefaultMessageListenerContainer  : Could not refresh JMS Connection for destination 'EmpQueue' - retrying using FixedBackOff{interval=5000, currentAttempts=4, maxAttempts=unlimited}. Cause: Could not connect to broker URL: tcp://localhost:61616. Reason: java.net.ConnectException: Connection refused: no further information
2024-02-14T17:40:50.715+05:45 ERROR 8776 --- [org.springframework.jms.JmsListenerEndpointContainer#4-1] o.s.j.l.DefaultMessageListenerContainer  : Could not refresh JMS Connection for destination 'EmpTopic' - retrying using FixedBackOff{interval=5000, currentAttempts=5, maxAttempts=unlimited}. Cause: Could not connect to broker URL: tcp://localhost:61616. Reason: java.net.ConnectException: Connection refused: no further information
2024-02-14T17:40:50.727+05:45 ERROR 8776 --- [org.springframework.jms.JmsListenerEndpointContainer#1-1] o.s.j.l.DefaultMessageListenerContainer  : Could not refresh JMS Connection for destination 'EmpTopic' - retrying using FixedBackOff{interval=5000, currentAttempts=5, maxAttempts=unlimited}. Cause: Could not connect to broker URL: tcp://localhost:61616. Reason: java.net.ConnectException: Connection refused: no further information
2024-02-14T17:40:50.774+05:45 ERROR 8776 --- [org.springframework.jms.JmsListenerEndpointContainer#2-1] o.s.j.l.DefaultMessageListenerContainer  : Could not refresh JMS Connection for destination 'EmpQueue' - retrying using FixedBackOff{interval=5000, currentAttempts=5, maxAttempts=unlimited}. Cause: Could not connect to broker URL: tcp://localhost:61616. Reason: java.net.ConnectException: Connection refused: no further information
2024-02-14T17:40:50.791+05:45 ERROR 8776 --- [org.springframework.jms.JmsListenerEndpointContainer#0-1] o.s.j.l.DefaultMessageListenerContainer  : Could not refresh JMS Connection for destination 'EmpTopic' - retrying using FixedBackOff{interval=5000, currentAttempts=5, maxAttempts=unlimited}. Cause: Could not connect to broker URL: tcp://localhost:61616. Reason: java.net.ConnectException: Connection refused: no further information
2024-02-14T17:40:50.807+05:45 ERROR 8776 --- [org.springframework.jms.JmsListenerEndpointContainer#3-1] o.s.j.l.DefaultMessageListenerContainer  : Could not refresh JMS Connection for destination 'EmpQueue' - retrying using FixedBackOff{interval=5000, currentAttempts=5, maxAttempts=unlimited}. Cause: Could not connect to broker URL: tcp://localhost:61616. Reason: java.net.ConnectException: Connection refused: no further information
2024-02-14T17:40:55.741+05:45 ERROR 8776 --- [org.springframework.jms.JmsListenerEndpointContainer#1-1] o.s.j.l.DefaultMessageListenerContainer  : Could not refresh JMS Connection for destination 'EmpTopic' - retrying using FixedBackOff{interval=5000, currentAttempts=6, maxAttempts=unlimited}. Cause: Could not connect to broker URL: tcp://localhost:61616. Reason: java.net.ConnectException: Connection refused: no further information
2024-02-14T17:40:55.761+05:45 ERROR 8776 --- [org.springframework.jms.JmsListenerEndpointContainer#4-1] o.s.j.l.DefaultMessageListenerContainer  : Could not refresh JMS Connection for destination 'EmpTopic' - retrying using FixedBackOff{interval=5000, currentAttempts=6, maxAttempts=unlimited}. Cause: Could not connect to broker URL: tcp://localhost:61616. Reason: java.net.ConnectException: Connection refused: no further information
2024-02-14T17:40:55.794+05:45 ERROR 8776 --- [org.springframework.jms.JmsListenerEndpointContainer#2-1] o.s.j.l.DefaultMessageListenerContainer  : Could not refresh JMS Connection for destination 'EmpQueue' - retrying using FixedBackOff{interval=5000, currentAttempts=6, maxAttempts=unlimited}. Cause: Could not connect to broker URL: tcp://localhost:61616. Reason: java.net.ConnectException: Connection refused: no further information
2024-02-14T17:40:55.809+05:45 ERROR 8776 --- [org.springframework.jms.JmsListenerEndpointContainer#0-1] o.s.j.l.DefaultMessageListenerContainer  : Could not refresh JMS Connection for destination 'EmpTopic' - retrying using FixedBackOff{interval=5000, currentAttempts=6, maxAttempts=unlimited}. Cause: Could not connect to broker URL: tcp://localhost:61616. Reason: java.net.ConnectException: Connection refused: no further information
2024-02-14T17:40:55.827+05:45 ERROR 8776 --- [org.springframework.jms.JmsListenerEndpointContainer#3-1] o.s.j.l.DefaultMessageListenerContainer  : Could not refresh JMS Connection for destination 'EmpQueue' - retrying using FixedBackOff{interval=5000, currentAttempts=6, maxAttempts=unlimited}. Cause: Could not connect to broker URL: tcp://localhost:61616. Reason: java.net.ConnectException: Connection refused: no further information
2024-02-14T17:41:00.760+05:45 ERROR 8776 --- [org.springframework.jms.JmsListenerEndpointContainer#1-1] o.s.j.l.DefaultMessageListenerContainer  : Could not refresh JMS Connection for destination 'EmpTopic' - retrying using FixedBackOff{interval=5000, currentAttempts=7, maxAttempts=unlimited}. Cause: Could not connect to broker URL: tcp://localhost:61616. Reason: java.net.ConnectException: Connection refused: no further information
2024-02-14T17:41:00.791+05:45 ERROR 8776 --- [org.springframework.jms.JmsListenerEndpointContainer#4-1] o.s.j.l.DefaultMessageListenerContainer  : Could not refresh JMS Connection for destination 'EmpTopic' - retrying using FixedBackOff{interval=5000, currentAttempts=7, maxAttempts=unlimited}. Cause: Could not connect to broker URL: tcp://localhost:61616. Reason: java.net.ConnectException: Connection refused: no further information
2024-02-14T17:41:00.821+05:45 ERROR 8776 --- [org.springframework.jms.JmsListenerEndpointContainer#2-1] o.s.j.l.DefaultMessageListenerContainer  : Could not refresh JMS Connection for destination 'EmpQueue' - retrying using FixedBackOff{interval=5000, currentAttempts=7, maxAttempts=unlimited}. Cause: Could not connect to broker URL: tcp://localhost:61616. Reason: java.net.ConnectException: Connection refused: no further information
2024-02-14T17:41:00.837+05:45 ERROR 8776 --- [org.springframework.jms.JmsListenerEndpointContainer#0-1] o.s.j.l.DefaultMessageListenerContainer  : Could not refresh JMS Connection for destination 'EmpTopic' - retrying using FixedBackOff{interval=5000, currentAttempts=7, maxAttempts=unlimited}. Cause: Could not connect to broker URL: tcp://localhost:61616. Reason: java.net.ConnectException: Connection refused: no further information
2024-02-14T17:41:00.852+05:45 ERROR 8776 --- [org.springframework.jms.JmsListenerEndpointContainer#3-1] o.s.j.l.DefaultMessageListenerContainer  : Could not refresh JMS Connection for destination 'EmpQueue' - retrying using FixedBackOff{interval=5000, currentAttempts=7, maxAttempts=unlimited}. Cause: Could not connect to broker URL: tcp://localhost:61616. Reason: java.net.ConnectException: Connection refused: no further information
2024-02-14T17:41:05.765+05:45 ERROR 8776 --- [org.springframework.jms.JmsListenerEndpointContainer#1-1] o.s.j.l.DefaultMessageListenerContainer  : Could not refresh JMS Connection for destination 'EmpTopic' - retrying using FixedBackOff{interval=5000, currentAttempts=8, maxAttempts=unlimited}. Cause: Could not connect to broker URL: tcp://localhost:61616. Reason: java.net.ConnectException: Connection refused: no further information
2024-02-14T17:41:05.811+05:45 ERROR 8776 --- [org.springframework.jms.JmsListenerEndpointContainer#4-1] o.s.j.l.DefaultMessageListenerContainer  : Could not refresh JMS Connection for destination 'EmpTopic' - retrying using FixedBackOff{interval=5000, currentAttempts=8, maxAttempts=unlimited}. Cause: Could not connect to broker URL: tcp://localhost:61616. Reason: java.net.ConnectException: Connection refused: no further information
2024-02-14T17:41:05.843+05:45 ERROR 8776 --- [org.springframework.jms.JmsListenerEndpointContainer#2-1] o.s.j.l.DefaultMessageListenerContainer  : Could not refresh JMS Connection for destination 'EmpQueue' - retrying using FixedBackOff{interval=5000, currentAttempts=8, maxAttempts=unlimited}. Cause: Could not connect to broker URL: tcp://localhost:61616. Reason: java.net.ConnectException: Connection refused: no further information
2024-02-14T17:41:05.859+05:45 ERROR 8776 --- [org.springframework.jms.JmsListenerEndpointContainer#0-1] o.s.j.l.DefaultMessageListenerContainer  : Could not refresh JMS Connection for destination 'EmpTopic' - retrying using FixedBackOff{interval=5000, currentAttempts=8, maxAttempts=unlimited}. Cause: Could not connect to broker URL: tcp://localhost:61616. Reason: java.net.ConnectException: Connection refused: no further information
2024-02-14T17:41:05.874+05:45 ERROR 8776 --- [org.springframework.jms.JmsListenerEndpointContainer#3-1] o.s.j.l.DefaultMessageListenerContainer  : Could not refresh JMS Connection for destination 'EmpQueue' - retrying using FixedBackOff{interval=5000, currentAttempts=8, maxAttempts=unlimited}. Cause: Could not connect to broker URL: tcp://localhost:61616. Reason: java.net.ConnectException: Connection refused: no further information
2024-02-14T17:41:10.793+05:45 ERROR 8776 --- [org.springframework.jms.JmsListenerEndpointContainer#1-1] o.s.j.l.DefaultMessageListenerContainer  : Could not refresh JMS Connection for destination 'EmpTopic' - retrying using FixedBackOff{interval=5000, currentAttempts=9, maxAttempts=unlimited}. Cause: Could not connect to broker URL: tcp://localhost:61616. Reason: java.net.ConnectException: Connection refused: no further information
2024-02-14T17:41:10.840+05:45 ERROR 8776 --- [org.springframework.jms.JmsListenerEndpointContainer#4-1] o.s.j.l.DefaultMessageListenerContainer  : Could not refresh JMS Connection for destination 'EmpTopic' - retrying using FixedBackOff{interval=5000, currentAttempts=9, maxAttempts=unlimited}. Cause: Could not connect to broker URL: tcp://localhost:61616. Reason: java.net.ConnectException: Connection refused: no further information
2024-02-14T17:41:10.870+05:45 ERROR 8776 --- [org.springframework.jms.JmsListenerEndpointContainer#2-1] o.s.j.l.DefaultMessageListenerContainer  : Could not refresh JMS Connection for destination 'EmpQueue' - retrying using FixedBackOff{interval=5000, currentAttempts=9, maxAttempts=unlimited}. Cause: Could not connect to broker URL: tcp://localhost:61616. Reason: java.net.ConnectException: Connection refused: no further information
2024-02-14T17:41:10.886+05:45 ERROR 8776 --- [org.springframework.jms.JmsListenerEndpointContainer#0-1] o.s.j.l.DefaultMessageListenerContainer  : Could not refresh JMS Connection for destination 'EmpTopic' - retrying using FixedBackOff{interval=5000, currentAttempts=9, maxAttempts=unlimited}. Cause: Could not connect to broker URL: tcp://localhost:61616. Reason: java.net.ConnectException: Connection refused: no further information
2024-02-14T17:41:10.903+05:45 ERROR 8776 --- [org.springframework.jms.JmsListenerEndpointContainer#3-1] o.s.j.l.DefaultMessageListenerContainer  : Could not refresh JMS Connection for destination 'EmpQueue' - retrying using FixedBackOff{interval=5000, currentAttempts=9, maxAttempts=unlimited}. Cause: Could not connect to broker URL: tcp://localhost:61616. Reason: java.net.ConnectException: Connection refused: no further information
2024-02-14T17:41:15.831+05:45 ERROR 8776 --- [org.springframework.jms.JmsListenerEndpointContainer#1-1] o.s.j.l.DefaultMessageListenerContainer  : Could not refresh JMS Connection for destination 'EmpTopic' - retrying using FixedBackOff{interval=5000, currentAttempts=10, maxAttempts=unlimited}. Cause: Could not connect to broker URL: tcp://localhost:61616. Reason: java.net.ConnectException: Connection refused: no further information
2024-02-14T17:41:15.849+05:45 ERROR 8776 --- [org.springframework.jms.JmsListenerEndpointContainer#4-1] o.s.j.l.DefaultMessageListenerContainer  : Could not refresh JMS Connection for destination 'EmpTopic' - retrying using FixedBackOff{interval=5000, currentAttempts=10, maxAttempts=unlimited}. Cause: Could not connect to broker URL: tcp://localhost:61616. Reason: java.net.ConnectException: Connection refused: no further information
2024-02-14T17:41:15.878+05:45 ERROR 8776 --- [org.springframework.jms.JmsListenerEndpointContainer#2-1] o.s.j.l.DefaultMessageListenerContainer  : Could not refresh JMS Connection for destination 'EmpQueue' - retrying using FixedBackOff{interval=5000, currentAttempts=10, maxAttempts=unlimited}. Cause: Could not connect to broker URL: tcp://localhost:61616. Reason: java.net.ConnectException: Connection refused: no further information
2024-02-14T17:41:15.908+05:45 ERROR 8776 --- [org.springframework.jms.JmsListenerEndpointContainer#0-1] o.s.j.l.DefaultMessageListenerContainer  : Could not refresh JMS Connection for destination 'EmpTopic' - retrying using FixedBackOff{interval=5000, currentAttempts=10, maxAttempts=unlimited}. Cause: Could not connect to broker URL: tcp://localhost:61616. Reason: java.net.ConnectException: Connection refused: no further information
2024-02-14T17:41:15.923+05:45 ERROR 8776 --- [org.springframework.jms.JmsListenerEndpointContainer#3-1] o.s.j.l.DefaultMessageListenerContainer  : Could not refresh JMS Connection for destination 'EmpQueue' - retrying using FixedBackOff{interval=5000, currentAttempts=10, maxAttempts=unlimited}. Cause: Could not connect to broker URL: tcp://localhost:61616. Reason: java.net.ConnectException: Connection refused: no further information
2024-02-14T17:41:20.838+05:45 ERROR 8776 --- [org.springframework.jms.JmsListenerEndpointContainer#1-1] o.s.j.l.DefaultMessageListenerContainer  : Could not refresh JMS Connection for destination 'EmpTopic' - retrying using FixedBackOff{interval=5000, currentAttempts=11, maxAttempts=unlimited}. Cause: Could not connect to broker URL: tcp://localhost:61616. Reason: java.net.ConnectException: Connection refused: no further information
2024-02-14T17:41:20.850+05:45 ERROR 8776 --- [org.springframework.jms.JmsListenerEndpointContainer#4-1] o.s.j.l.DefaultMessageListenerContainer  : Could not refresh JMS Connection for destination 'EmpTopic' - retrying using FixedBackOff{interval=5000, currentAttempts=11, maxAttempts=unlimited}. Cause: Could not connect to broker URL: tcp://localhost:61616. Reason: java.net.ConnectException: Connection refused: no further information
2024-02-14T17:41:20.885+05:45 ERROR 8776 --- [org.springframework.jms.JmsListenerEndpointContainer#2-1] o.s.j.l.DefaultMessageListenerContainer  : Could not refresh JMS Connection for destination 'EmpQueue' - retrying using FixedBackOff{interval=5000, currentAttempts=11, maxAttempts=unlimited}. Cause: Could not connect to broker URL: tcp://localhost:61616. Reason: java.net.ConnectException: Connection refused: no further information
2024-02-14T17:41:20.916+05:45 ERROR 8776 --- [org.springframework.jms.JmsListenerEndpointContainer#0-1] o.s.j.l.DefaultMessageListenerContainer  : Could not refresh JMS Connection for destination 'EmpTopic' - retrying using FixedBackOff{interval=5000, currentAttempts=11, maxAttempts=unlimited}. Cause: Could not connect to broker URL: tcp://localhost:61616. Reason: java.net.ConnectException: Connection refused: no further information
2024-02-14T17:41:20.931+05:45 ERROR 8776 --- [org.springframework.jms.JmsListenerEndpointContainer#3-1] o.s.j.l.DefaultMessageListenerContainer  : Could not refresh JMS Connection for destination 'EmpQueue' - retrying using FixedBackOff{interval=5000, currentAttempts=11, maxAttempts=unlimited}. Cause: Could not connect to broker URL: tcp://localhost:61616. Reason: java.net.ConnectException: Connection refused: no further information
2024-02-14T17:41:25.859+05:45 ERROR 8776 --- [org.springframework.jms.JmsListenerEndpointContainer#1-1] o.s.j.l.DefaultMessageListenerContainer  : Could not refresh JMS Connection for destination 'EmpTopic' - retrying using FixedBackOff{interval=5000, currentAttempts=12, maxAttempts=unlimited}. Cause: Could not connect to broker URL: tcp://localhost:61616. Reason: java.net.ConnectException: Connection refused: no further information
2024-02-14T17:41:25.863+05:45 ERROR 8776 --- [org.springframework.jms.JmsListenerEndpointContainer#4-1] o.s.j.l.DefaultMessageListenerContainer  : Could not refresh JMS Connection for destination 'EmpTopic' - retrying using FixedBackOff{interval=5000, currentAttempts=12, maxAttempts=unlimited}. Cause: Could not connect to broker URL: tcp://localhost:61616. Reason: java.net.ConnectException: Connection refused: no further information
2024-02-14T17:41:25.901+05:45 ERROR 8776 --- [org.springframework.jms.JmsListenerEndpointContainer#2-1] o.s.j.l.DefaultMessageListenerContainer  : Could not refresh JMS Connection for destination 'EmpQueue' - retrying using FixedBackOff{interval=5000, currentAttempts=12, maxAttempts=unlimited}. Cause: Could not connect to broker URL: tcp://localhost:61616. Reason: java.net.ConnectException: Connection refused: no further information
2024-02-14T17:41:25.937+05:45 ERROR 8776 --- [org.springframework.jms.JmsListenerEndpointContainer#0-1] o.s.j.l.DefaultMessageListenerContainer  : Could not refresh JMS Connection for destination 'EmpTopic' - retrying using FixedBackOff{interval=5000, currentAttempts=12, maxAttempts=unlimited}. Cause: Could not connect to broker URL: tcp://localhost:61616. Reason: java.net.ConnectException: Connection refused: no further information
2024-02-14T17:41:25.952+05:45 ERROR 8776 --- [org.springframework.jms.JmsListenerEndpointContainer#3-1] o.s.j.l.DefaultMessageListenerContainer  : Could not refresh JMS Connection for destination 'EmpQueue' - retrying using FixedBackOff{interval=5000, currentAttempts=12, maxAttempts=unlimited}. Cause: Could not connect to broker URL: tcp://localhost:61616. Reason: java.net.ConnectException: Connection refused: no further information
2024-02-14T17:41:30.879+05:45 ERROR 8776 --- [org.springframework.jms.JmsListenerEndpointContainer#4-1] o.s.j.l.DefaultMessageListenerContainer  : Could not refresh JMS Connection for destination 'EmpTopic' - retrying using FixedBackOff{interval=5000, currentAttempts=13, maxAttempts=unlimited}. Cause: Could not connect to broker URL: tcp://localhost:61616. Reason: java.net.ConnectException: Connection refused: no further information
2024-02-14T17:41:30.884+05:45 ERROR 8776 --- [org.springframework.jms.JmsListenerEndpointContainer#1-1] o.s.j.l.DefaultMessageListenerContainer  : Could not refresh JMS Connection for destination 'EmpTopic' - retrying using FixedBackOff{interval=5000, currentAttempts=13, maxAttempts=unlimited}. Cause: Could not connect to broker URL: tcp://localhost:61616. Reason: java.net.ConnectException: Connection refused: no further information
2024-02-14T17:41:30.929+05:45 ERROR 8776 --- [org.springframework.jms.JmsListenerEndpointContainer#2-1] o.s.j.l.DefaultMessageListenerContainer  : Could not refresh JMS Connection for destination 'EmpQueue' - retrying using FixedBackOff{interval=5000, currentAttempts=13, maxAttempts=unlimited}. Cause: Could not connect to broker URL: tcp://localhost:61616. Reason: java.net.ConnectException: Connection refused: no further information
2024-02-14T17:41:30.960+05:45 ERROR 8776 --- [org.springframework.jms.JmsListenerEndpointContainer#0-1] o.s.j.l.DefaultMessageListenerContainer  : Could not refresh JMS Connection for destination 'EmpTopic' - retrying using FixedBackOff{interval=5000, currentAttempts=13, maxAttempts=unlimited}. Cause: Could not connect to broker URL: tcp://localhost:61616. Reason: java.net.ConnectException: Connection refused: no further information
2024-02-14T17:41:30.975+05:45 ERROR 8776 --- [org.springframework.jms.JmsListenerEndpointContainer#3-1] o.s.j.l.DefaultMessageListenerContainer  : Could not refresh JMS Connection for destination 'EmpQueue' - retrying using FixedBackOff{interval=5000, currentAttempts=13, maxAttempts=unlimited}. Cause: Could not connect to broker URL: tcp://localhost:61616. Reason: java.net.ConnectException: Connection refused: no further information
2024-02-14T17:41:35.903+05:45 ERROR 8776 --- [org.springframework.jms.JmsListenerEndpointContainer#1-1] o.s.j.l.DefaultMessageListenerContainer  : Could not refresh JMS Connection for destination 'EmpTopic' - retrying using FixedBackOff{interval=5000, currentAttempts=14, maxAttempts=unlimited}. Cause: Could not connect to broker URL: tcp://localhost:61616. Reason: java.net.ConnectException: Connection refused: no further information
2024-02-14T17:41:35.907+05:45 ERROR 8776 --- [org.springframework.jms.JmsListenerEndpointContainer#4-1] o.s.j.l.DefaultMessageListenerContainer  : Could not refresh JMS Connection for destination 'EmpTopic' - retrying using FixedBackOff{interval=5000, currentAttempts=14, maxAttempts=unlimited}. Cause: Could not connect to broker URL: tcp://localhost:61616. Reason: java.net.ConnectException: Connection refused: no further information
2024-02-14T17:41:35.951+05:45 ERROR 8776 --- [org.springframework.jms.JmsListenerEndpointContainer#2-1] o.s.j.l.DefaultMessageListenerContainer  : Could not refresh JMS Connection for destination 'EmpQueue' - retrying using FixedBackOff{interval=5000, currentAttempts=14, maxAttempts=unlimited}. Cause: Could not connect to broker URL: tcp://localhost:61616. Reason: java.net.ConnectException: Connection refused: no further information
2024-02-14T17:41:35.981+05:45 ERROR 8776 --- [org.springframework.jms.JmsListenerEndpointContainer#0-1] o.s.j.l.DefaultMessageListenerContainer  : Could not refresh JMS Connection for destination 'EmpTopic' - retrying using FixedBackOff{interval=5000, currentAttempts=14, maxAttempts=unlimited}. Cause: Could not connect to broker URL: tcp://localhost:61616. Reason: java.net.ConnectException: Connection refused: no further information
2024-02-14T17:41:35.998+05:45 ERROR 8776 --- [org.springframework.jms.JmsListenerEndpointContainer#3-1] o.s.j.l.DefaultMessageListenerContainer  : Could not refresh JMS Connection for destination 'EmpQueue' - retrying using FixedBackOff{interval=5000, currentAttempts=14, maxAttempts=unlimited}. Cause: Could not connect to broker URL: tcp://localhost:61616. Reason: java.net.ConnectException: Connection refused: no further information
2024-02-14T17:41:40.922+05:45 ERROR 8776 --- [org.springframework.jms.JmsListenerEndpointContainer#4-1] o.s.j.l.DefaultMessageListenerContainer  : Could not refresh JMS Connection for destination 'EmpTopic' - retrying using FixedBackOff{interval=5000, currentAttempts=15, maxAttempts=unlimited}. Cause: Could not connect to broker URL: tcp://localhost:61616. Reason: java.net.ConnectException: Connection refused: no further information
2024-02-14T17:41:40.934+05:45 ERROR 8776 --- [org.springframework.jms.JmsListenerEndpointContainer#1-1] o.s.j.l.DefaultMessageListenerContainer  : Could not refresh JMS Connection for destination 'EmpTopic' - retrying using FixedBackOff{interval=5000, currentAttempts=15, maxAttempts=unlimited}. Cause: Could not connect to broker URL: tcp://localhost:61616. Reason: java.net.ConnectException: Connection refused: no further information
2024-02-14T17:41:40.969+05:45 ERROR 8776 --- [org.springframework.jms.JmsListenerEndpointContainer#2-1] o.s.j.l.DefaultMessageListenerContainer  : Could not refresh JMS Connection for destination 'EmpQueue' - retrying using FixedBackOff{interval=5000, currentAttempts=15, maxAttempts=unlimited}. Cause: Could not connect to broker URL: tcp://localhost:61616. Reason: java.net.ConnectException: Connection refused: no further information
2024-02-14T17:41:41.003+05:45 ERROR 8776 --- [org.springframework.jms.JmsListenerEndpointContainer#0-1] o.s.j.l.DefaultMessageListenerContainer  : Could not refresh JMS Connection for destination 'EmpTopic' - retrying using FixedBackOff{interval=5000, currentAttempts=15, maxAttempts=unlimited}. Cause: Could not connect to broker URL: tcp://localhost:61616. Reason: java.net.ConnectException: Connection refused: no further information
2024-02-14T17:41:41.018+05:45 ERROR 8776 --- [org.springframework.jms.JmsListenerEndpointContainer#3-1] o.s.j.l.DefaultMessageListenerContainer  : Could not refresh JMS Connection for destination 'EmpQueue' - retrying using FixedBackOff{interval=5000, currentAttempts=15, maxAttempts=unlimited}. Cause: Could not connect to broker URL: tcp://localhost:61616. Reason: java.net.ConnectException: Connection refused: no further information
2024-02-14T17:41:45.949+05:45 ERROR 8776 --- [org.springframework.jms.JmsListenerEndpointContainer#4-1] o.s.j.l.DefaultMessageListenerContainer  : Could not refresh JMS Connection for destination 'EmpTopic' - retrying using FixedBackOff{interval=5000, currentAttempts=16, maxAttempts=unlimited}. Cause: Could not connect to broker URL: tcp://localhost:61616. Reason: java.net.ConnectException: Connection refused: no further information
2024-02-14T17:41:45.965+05:45 ERROR 8776 --- [org.springframework.jms.JmsListenerEndpointContainer#1-1] o.s.j.l.DefaultMessageListenerContainer  : Could not refresh JMS Connection for destination 'EmpTopic' - retrying using FixedBackOff{interval=5000, currentAttempts=16, maxAttempts=unlimited}. Cause: Could not connect to broker URL: tcp://localhost:61616. Reason: java.net.ConnectException: Connection refused: no further information
2024-02-14T17:41:45.985+05:45 ERROR 8776 --- [org.springframework.jms.JmsListenerEndpointContainer#2-1] o.s.j.l.DefaultMessageListenerContainer  : Could not refresh JMS Connection for destination 'EmpQueue' - retrying using FixedBackOff{interval=5000, currentAttempts=16, maxAttempts=unlimited}. Cause: Could not connect to broker URL: tcp://localhost:61616. Reason: java.net.ConnectException: Connection refused: no further information
2024-02-14T17:41:46.026+05:45 ERROR 8776 --- [org.springframework.jms.JmsListenerEndpointContainer#0-1] o.s.j.l.DefaultMessageListenerContainer  : Could not refresh JMS Connection for destination 'EmpTopic' - retrying using FixedBackOff{interval=5000, currentAttempts=16, maxAttempts=unlimited}. Cause: Could not connect to broker URL: tcp://localhost:61616. Reason: java.net.ConnectException: Connection refused: no further information
2024-02-14T17:41:46.042+05:45 ERROR 8776 --- [org.springframework.jms.JmsListenerEndpointContainer#3-1] o.s.j.l.DefaultMessageListenerContainer  : Could not refresh JMS Connection for destination 'EmpQueue' - retrying using FixedBackOff{interval=5000, currentAttempts=16, maxAttempts=unlimited}. Cause: Could not connect to broker URL: tcp://localhost:61616. Reason: java.net.ConnectException: Connection refused: no further information
2024-02-14T17:41:50.965+05:45 ERROR 8776 --- [org.springframework.jms.JmsListenerEndpointContainer#4-1] o.s.j.l.DefaultMessageListenerContainer  : Could not refresh JMS Connection for destination 'EmpTopic' - retrying using FixedBackOff{interval=5000, currentAttempts=17, maxAttempts=unlimited}. Cause: Could not connect to broker URL: tcp://localhost:61616. Reason: java.net.ConnectException: Connection refused: no further information
2024-02-14T17:41:50.981+05:45 ERROR 8776 --- [org.springframework.jms.JmsListenerEndpointContainer#1-1] o.s.j.l.DefaultMessageListenerContainer  : Could not refresh JMS Connection for destination 'EmpTopic' - retrying using FixedBackOff{interval=5000, currentAttempts=17, maxAttempts=unlimited}. Cause: Could not connect to broker URL: tcp://localhost:61616. Reason: java.net.ConnectException: Connection refused: no further information
2024-02-14T17:41:50.986+05:45 ERROR 8776 --- [org.springframework.jms.JmsListenerEndpointContainer#2-1] o.s.j.l.DefaultMessageListenerContainer  : Could not refresh JMS Connection for destination 'EmpQueue' - retrying using FixedBackOff{interval=5000, currentAttempts=17, maxAttempts=unlimited}. Cause: Could not connect to broker URL: tcp://localhost:61616. Reason: java.net.ConnectException: Connection refused: no further information
2024-02-14T17:41:51.027+05:45 ERROR 8776 --- [org.springframework.jms.JmsListenerEndpointContainer#0-1] o.s.j.l.DefaultMessageListenerContainer  : Could not refresh JMS Connection for destination 'EmpTopic' - retrying using FixedBackOff{interval=5000, currentAttempts=17, maxAttempts=unlimited}. Cause: Could not connect to broker URL: tcp://localhost:61616. Reason: java.net.ConnectException: Connection refused: no further information
2024-02-14T17:41:51.058+05:45 ERROR 8776 --- [org.springframework.jms.JmsListenerEndpointContainer#3-1] o.s.j.l.DefaultMessageListenerContainer  : Could not refresh JMS Connection for destination 'EmpQueue' - retrying using FixedBackOff{interval=5000, currentAttempts=17, maxAttempts=unlimited}. Cause: Could not connect to broker URL: tcp://localhost:61616. Reason: java.net.ConnectException: Connection refused: no further information
2024-02-14T17:41:55.242+05:45  INFO 8776 --- [SpringApplicationShutdownHook] j.LocalContainerEntityManagerFactoryBean : Closing JPA EntityManagerFactory for persistence unit 'default'
2024-02-14T17:41:55.246+05:45  INFO 8776 --- [SpringApplicationShutdownHook] com.zaxxer.hikari.HikariDataSource       : HikariPool-1 - Shutdown initiated...
2024-02-14T17:41:55.253+05:45  INFO 8776 --- [SpringApplicationShutdownHook] com.zaxxer.hikari.HikariDataSource       : HikariPool-1 - Shutdown completed.
